<?xml version="1.0" encoding="UTF-8"?>
<!-- Generated by org.testng.reporters.JUnitReportReporter -->
<testsuite hostname="DESKTOP-7H4IG7D" failures="0" tests="1" name="com.qa.web.test.DragAndDropTest" time="31.516" errors="0" timestamp="2021-10-29T23:02:53 GST" skipped="0">
  <testcase classname="com.qa.web.test.DragAndDropTest" name="dragAndDrop" time="31.516"/>
  <system-out/>
</testsuite> <!-- com.qa.web.test.DragAndDropTest -->
